<?xml version="1.0" encoding="UTF-8"?>
<testsuite name="com.iplfactssheet.MokitoIplFactAnalyserTest" tests="7" skipped="0" failures="0" errors="0" timestamp="2019-12-24T09:43:15" hostname="admin1-desktop" time="0.17">
  <properties/>
  <testcase name="givenIPLFactsSheetOfMostRunsSampleData_WhenSortedOnAverage_ShouldReturnTopBattingAvearages" classname="com.iplfactssheet.MokitoIplFactAnalyserTest" time="0.153"/>
  <testcase name="givenIPLFactsSheetMostOfRunnsData_WhenCompareRunsAndAverage_ShouldReturnPlayerMaximumRunWithAverage" classname="com.iplfactssheet.MokitoIplFactAnalyserTest" time="0.003"/>
  <testcase name="givenIPLFactsSheetOfMostRunnsData_WhenCompareStrikingRatesAndSixFour_ShouldReturnPalyerMaximumStrikingRatesWithSixFour" classname="com.iplfactssheet.MokitoIplFactAnalyserTest" time="0.003"/>
  <testcase name="givenIPLFactsSheetsOfMostRunnsData_WhenCompareSixAndFour_ShouldReturnPlayerHitMaximumSixAndFour" classname="com.iplfactssheet.MokitoIplFactAnalyserTest" time="0.003"/>
  <testcase name="givenIplRunsCsvFile_ShouldReturnCorrectCount" classname="com.iplfactssheet.MokitoIplFactAnalyserTest" time="0.001"/>
  <testcase name="givenIPLFactsSheetOfMostRunnsData_WhenSortedOnStrikingRates_ShouldReturnTopStrikingRates" classname="com.iplfactssheet.MokitoIplFactAnalyserTest" time="0.002"/>
  <testcase name="givenIPLFactsSheetsOfMostRunnsData_WhenCompareAveargeAndStrikingRates_ShouldReturnPlayerMaximumAveargeWithStrikingRates" classname="com.iplfactssheet.MokitoIplFactAnalyserTest" time="0.003"/>
  <system-out><![CDATA[]]></system-out>
  <system-err><![CDATA[]]></system-err>
</testsuite>
