<?xml version="1.0" encoding="UTF-8"?>
<testsuite name="com.iplfactssheet.IPLFactsSheetTest" tests="26" skipped="0" failures="0" errors="0" timestamp="2019-12-16T09:17:49" hostname="admin1-desktop" time="1.594">
  <properties/>
  <testcase name="givenIPLFactsSheetOfMostRunnsFile_WhenSortedOnStrikingRates_ShouldReturnLeastStrikingRates" classname="com.iplfactssheet.IPLFactsSheetTest" time="0.38"/>
  <testcase name="givenIPLFactsSheetOfMostRunnsFile_WhenSortedOnStrikingRates_ShouldReturnTopStrikingRates" classname="com.iplfactssheet.IPLFactsSheetTest" time="0.111"/>
  <testcase name="givenIPLFactsSheetsOfMostRunnsFile_WhenCompareStrikingRatesAndSixFour_ShouldReturnPlayerMinimumStrikingRatesWithSixFour" classname="com.iplfactssheet.IPLFactsSheetTest" time="0.101"/>
  <testcase name="givenIPLFactsSheetOfMostRunsFile_WhenGivenFileTypeIsNotSupported_ShouldHandleException" classname="com.iplfactssheet.IPLFactsSheetTest" time="0.002"/>
  <testcase name="givenIPLFactsSheetOfMostWktsFile_WhenDelimeterIssue_ShouldHandleException" classname="com.iplfactssheet.IPLFactsSheetTest" time="0.005"/>
  <testcase name="givenNoFile_ProperlyShouldHandleException" classname="com.iplfactssheet.IPLFactsSheetTest" time="0.001"/>
  <testcase name="givenIPLFactsSheetsOfMostRunnsFile_WhenCompareSixAndFour_ShouldReturnPlayerHitMinimumSixAndFour" classname="com.iplfactssheet.IPLFactsSheetTest" time="0.095"/>
  <testcase name="givenIPLFactsSheetOfMostRunnsFile_WhenCompareAverageWithStrikinhRates_ShouldReturnPlayerMinimumAveargeWithStrikingRates" classname="com.iplfactssheet.IPLFactsSheetTest" time="0.099"/>
  <testcase name="givenIPLFactsSheetsOfMostRunnsFile_WhenCompareAveargeAndStrikingRates_ShouldReturnPlayerMaximumAveargeWithStrikingRates" classname="com.iplfactssheet.IPLFactsSheetTest" time="0.103"/>
  <testcase name="givenIPLFatcsSheetsMostOfRunnsFile_WhenCompareRunsAndAverage_ShouldReturnPlayerMinimumRunWithAverage" classname="com.iplfactssheet.IPLFactsSheetTest" time="0.104"/>
  <testcase name="givenIPLFactsSheetsOfMostRunsFile_WhenHeaderIssue_ShouldHandleException" classname="com.iplfactssheet.IPLFactsSheetTest" time="0.011"/>
  <testcase name="givenIPLFactsSheetOfMostRunsFile_WhenProper_ShouldGiveCorrectCount" classname="com.iplfactssheet.IPLFactsSheetTest" time="0.091"/>
  <testcase name="givenIPLFactsSheetOfMostRunsFile_WhenFilePathIsIncorrect_ShouldHandleException" classname="com.iplfactssheet.IPLFactsSheetTest" time="0.0"/>
  <testcase name="givenIPLFactsSheetMostOfWktsFile_WhenGivenProper_ShouldReturnCorrectCount" classname="com.iplfactssheet.IPLFactsSheetTest" time="0.003"/>
  <testcase name="givenIPLFactsSheetMostOfRunnsFile_WhenCompareRunsAndAverage_ShouldReturnPlayerMaximumRunWithAverage" classname="com.iplfactssheet.IPLFactsSheetTest" time="0.125"/>
  <testcase name="givenIPLFactsSheetOfMostWktsFile_WhenFilePathIsIncorrect_ShouldHandleException" classname="com.iplfactssheet.IPLFactsSheetTest" time="0.001"/>
  <testcase name="givenIPLFactsSheetOfMostRunnsFile_WhenCompareStrikingRatesAndSixFour_ShouldReturnPalyerMaximumStrikingRatesWithSixFour" classname="com.iplfactssheet.IPLFactsSheetTest" time="0.096"/>
  <testcase name="givenIPLFactSheetsOfMostWktsFile_WhenHeaderIssue_ShouldHandleException" classname="com.iplfactssheet.IPLFactsSheetTest" time="0.001"/>
  <testcase name="givenIPLFactsSheetOfMostRunsFile_WhenDelimeterIssue_ShouldHandleException" classname="com.iplfactssheet.IPLFactsSheetTest" time="0.001"/>
  <testcase name="givenNoFile_ShouldHandleException" classname="com.iplfactssheet.IPLFactsSheetTest" time="0.0"/>
  <testcase name="givenEmptyFile_ProperlyShouldHandleException" classname="com.iplfactssheet.IPLFactsSheetTest" time="0.0"/>
  <testcase name="givenIPLFactsSheetsOfMostRunnsFile_WhenCompareSixAndFour_ShouldReturnPlayerHitMaximumSixAndFour" classname="com.iplfactssheet.IPLFactsSheetTest" time="0.086"/>
  <testcase name="givenIPLFactsSheetOfMostRunsFile_WhenSortedOnAverage_ShouldReturnTopBattingAvearages" classname="com.iplfactssheet.IPLFactsSheetTest" time="0.083"/>
  <testcase name="givenEmptyFile_ShouldHandleException" classname="com.iplfactssheet.IPLFactsSheetTest" time="0.001"/>
  <testcase name="givenIPLFactsSheetOfMostWktsFile_WhenGivenFileTypeIsNotSupported_ShouldHandleException" classname="com.iplfactssheet.IPLFactsSheetTest" time="0.0"/>
  <testcase name="givenIPLFactsSheetOfMostRunsFile_WhenSortedOnAverage_ShouldReturnLeastBattingAvearages" classname="com.iplfactssheet.IPLFactsSheetTest" time="0.083"/>
  <system-out><![CDATA[]]></system-out>
  <system-err><![CDATA[]]></system-err>
</testsuite>
